Determining if the function wsyncup exists in the /usr/lib/x86_64-linux-gnu/libcurses.so passed with the following output:
Change Dir: /home/ubuntu/environment/DAASystem/CoreSystem/lib/cmake-3.16.3/Source/Checks/Curses-build/CMakeFiles/CMakeTmp

Run Build Command(s):/usr/bin/make cmTC_83434/fast && make -f CMakeFiles/cmTC_83434.dir/build.make CMakeFiles/cmTC_83434.dir/build
make[1]: Entering directory '/home/ubuntu/environment/DAASystem/CoreSystem/lib/cmake-3.16.3/Source/Checks/Curses-build/CMakeFiles/CMakeTmp'
Building C object CMakeFiles/cmTC_83434.dir/CheckFunctionExists.c.o
/usr/bin/gcc   -DCHECK_FUNCTION_EXISTS=wsyncup   -o CMakeFiles/cmTC_83434.dir/CheckFunctionExists.c.o   -c /home/ubuntu/environment/DAASystem/CoreSystem/lib/cmake-3.16.3/Modules/CheckFunctionExists.c
Linking C executable cmTC_83434
/home/ubuntu/environment/DAASystem/CoreSystem/lib/cmake-3.16.3/Bootstrap.cmk/cmake -E cmake_link_script CMakeFiles/cmTC_83434.dir/link.txt --verbose=1
/usr/bin/gcc  -DCHECK_FUNCTION_EXISTS=wsyncup    -rdynamic CMakeFiles/cmTC_83434.dir/CheckFunctionExists.c.o  -o cmTC_83434  -lcurses 
make[1]: Leaving directory '/home/ubuntu/environment/DAASystem/CoreSystem/lib/cmake-3.16.3/Source/Checks/Curses-build/CMakeFiles/CMakeTmp'



Determining if the function cbreak exists in the /usr/lib/x86_64-linux-gnu/libncurses.so passed with the following output:
Change Dir: /home/ubuntu/environment/DAASystem/CoreSystem/lib/cmake-3.16.3/Source/Checks/Curses-build/CMakeFiles/CMakeTmp

Run Build Command(s):/usr/bin/make cmTC_30c0e/fast && make -f CMakeFiles/cmTC_30c0e.dir/build.make CMakeFiles/cmTC_30c0e.dir/build
make[1]: Entering directory '/home/ubuntu/environment/DAASystem/CoreSystem/lib/cmake-3.16.3/Source/Checks/Curses-build/CMakeFiles/CMakeTmp'
Building C object CMakeFiles/cmTC_30c0e.dir/CheckFunctionExists.c.o
/usr/bin/gcc   -DCHECK_FUNCTION_EXISTS=cbreak   -o CMakeFiles/cmTC_30c0e.dir/CheckFunctionExists.c.o   -c /home/ubuntu/environment/DAASystem/CoreSystem/lib/cmake-3.16.3/Modules/CheckFunctionExists.c
Linking C executable cmTC_30c0e
/home/ubuntu/environment/DAASystem/CoreSystem/lib/cmake-3.16.3/Bootstrap.cmk/cmake -E cmake_link_script CMakeFiles/cmTC_30c0e.dir/link.txt --verbose=1
/usr/bin/gcc  -DCHECK_FUNCTION_EXISTS=cbreak    -rdynamic CMakeFiles/cmTC_30c0e.dir/CheckFunctionExists.c.o  -o cmTC_30c0e  -lncurses 
make[1]: Leaving directory '/home/ubuntu/environment/DAASystem/CoreSystem/lib/cmake-3.16.3/Source/Checks/Curses-build/CMakeFiles/CMakeTmp'



